  [1m[36m (1.7ms)[0m  [1mCREATE TABLE "schema_migrations" ("version" varchar NOT NULL) [0m
  [1m[35m (0.1ms)[0m  select sqlite_version(*)
  [1m[36m (1.6ms)[0m  [1mCREATE UNIQUE INDEX "unique_schema_migrations" ON "schema_migrations" ("version")[0m
  [1m[35mActiveRecord::SchemaMigration Load (0.1ms)[0m  SELECT "schema_migrations".* FROM "schema_migrations"


Started GET "/" for ::1 at 2015-11-17 17:47:54 -0600
Processing by Rails::WelcomeController#index as HTML
  Rendered /Users/admin/.rvm/gems/ruby-2.1.2/gems/railties-4.2.3/lib/rails/templates/rails/welcome/index.html.erb (2.8ms)
Completed 200 OK in 27ms (Views: 19.4ms | ActiveRecord: 0.0ms)
  [1m[36mActiveRecord::SchemaMigration Load (0.1ms)[0m  [1mSELECT "schema_migrations".* FROM "schema_migrations"[0m
Migrating to CreateStudents (1)
  [1m[35m (0.1ms)[0m  begin transaction
  [1m[36m (0.4ms)[0m  [1mCREATE TABLE "students" ("id" INTEGER PRIMARY KEY AUTOINCREMENT NOT NULL, "first_name" varchar, "last_name" varchar, "created_at" datetime NOT NULL, "updated_at" datetime NOT NULL) [0m
  [1m[35mSQL (0.3ms)[0m  INSERT INTO "schema_migrations" ("version") VALUES (?)  [["version", "1"]]
  [1m[36m (1.4ms)[0m  [1mcommit transaction[0m
  [1m[35mActiveRecord::SchemaMigration Load (0.1ms)[0m  SELECT "schema_migrations".* FROM "schema_migrations"
  [1m[36m (0.1ms)[0m  [1mbegin transaction[0m
  [1m[35mSQL (0.3ms)[0m  INSERT INTO "students" ("first_name", "last_name", "created_at", "updated_at") VALUES (?, ?, ?, ?)  [["first_name", "Jordan"], ["last_name", "Hudgens"], ["created_at", "2015-11-18 00:10:55.545365"], ["updated_at", "2015-11-18 00:10:55.545365"]]
  [1m[36m (2.9ms)[0m  [1mcommit transaction[0m
  [1m[35mStudent Load (0.2ms)[0m  SELECT  "students".* FROM "students"  ORDER BY "students"."id" DESC LIMIT 1
  [1m[36m (0.1ms)[0m  [1mbegin transaction[0m
  [1m[35mSQL (0.3ms)[0m  INSERT INTO "students" ("created_at", "updated_at") VALUES (?, ?)  [["created_at", "2015-11-18 00:17:49.095449"], ["updated_at", "2015-11-18 00:17:49.095449"]]
  [1m[36m (1.2ms)[0m  [1mcommit transaction[0m
  [1m[35mStudent Load (0.2ms)[0m  SELECT  "students".* FROM "students"  ORDER BY "students"."id" DESC LIMIT 1
  [1m[36mActiveRecord::SchemaMigration Load (0.1ms)[0m  [1mSELECT "schema_migrations".* FROM "schema_migrations"[0m
  [1m[35mActiveRecord::SchemaMigration Load (0.1ms)[0m  SELECT "schema_migrations".* FROM "schema_migrations"


Started GET "/" for ::1 at 2015-11-18 13:36:42 -0600
  [1m[36mActiveRecord::SchemaMigration Load (0.1ms)[0m  [1mSELECT "schema_migrations".* FROM "schema_migrations"[0m
Processing by Rails::WelcomeController#index as HTML
  Rendered /Users/admin/.rvm/gems/ruby-2.1.2/gems/railties-4.2.3/lib/rails/templates/rails/welcome/index.html.erb (2.4ms)
Completed 200 OK in 39ms (Views: 24.5ms | ActiveRecord: 0.0ms)


Started GET "/" for ::1 at 2015-11-18 13:37:10 -0600
Processing by Rails::WelcomeController#index as HTML
  Rendered /Users/admin/.rvm/gems/ruby-2.1.2/gems/railties-4.2.3/lib/rails/templates/rails/welcome/index.html.erb (0.0ms)
Completed 200 OK in 1ms (Views: 0.7ms | ActiveRecord: 0.0ms)
  [1m[36mActiveRecord::SchemaMigration Load (0.5ms)[0m  [1mSELECT "schema_migrations".* FROM "schema_migrations"[0m
  [1m[35mActiveRecord::SchemaMigration Load (0.1ms)[0m  SELECT "schema_migrations".* FROM "schema_migrations"
  [1m[36mStudent Load (0.4ms)[0m  [1mSELECT  "students".* FROM "students"  ORDER BY "students"."id" DESC LIMIT 1[0m
  [1m[35mStudent Load (0.2ms)[0m  SELECT  "students".* FROM "students"  ORDER BY "students"."id" DESC LIMIT 1
  [1m[36m (0.1ms)[0m  [1mbegin transaction[0m
  [1m[35mSQL (0.6ms)[0m  DELETE FROM "students" WHERE "students"."id" = ?  [["id", 2]]
  [1m[36m (1.6ms)[0m  [1mcommit transaction[0m
  [1m[35mStudent Load (0.2ms)[0m  SELECT "students".* FROM "students"
Started GET "/" for ::1 at 2020-04-26 20:52:35 -0400
  [1m[36mActiveRecord::SchemaMigration Load (0.1ms)[0m  [1m[34mSELECT "schema_migrations".* FROM "schema_migrations"[0m
  
ActiveRecord::PendingMigrationError (

Migrations are pending. To resolve this issue, run:

        bin/rails db:migrate RAILS_ENV=development

):
  
activerecord (5.0.7.1) lib/active_record/migration.rb:573:in `check_pending!'
activerecord (5.0.7.1) lib/active_record/migration.rb:549:in `call'
actionpack (5.0.7.1) lib/action_dispatch/middleware/callbacks.rb:38:in `block in call'
activesupport (5.0.7.1) lib/active_support/callbacks.rb:97:in `__run_callbacks__'
activesupport (5.0.7.1) lib/active_support/callbacks.rb:750:in `_run_call_callbacks'
activesupport (5.0.7.1) lib/active_support/callbacks.rb:90:in `run_callbacks'
actionpack (5.0.7.1) lib/action_dispatch/middleware/callbacks.rb:36:in `call'
actionpack (5.0.7.1) lib/action_dispatch/middleware/executor.rb:12:in `call'
actionpack (5.0.7.1) lib/action_dispatch/middleware/remote_ip.rb:79:in `call'
actionpack (5.0.7.1) lib/action_dispatch/middleware/debug_exceptions.rb:49:in `call'
actionpack (5.0.7.1) lib/action_dispatch/middleware/show_exceptions.rb:31:in `call'
railties (5.0.7.1) lib/rails/rack/logger.rb:36:in `call_app'
railties (5.0.7.1) lib/rails/rack/logger.rb:24:in `block in call'
activesupport (5.0.7.1) lib/active_support/tagged_logging.rb:69:in `block in tagged'
activesupport (5.0.7.1) lib/active_support/tagged_logging.rb:26:in `tagged'
activesupport (5.0.7.1) lib/active_support/tagged_logging.rb:69:in `tagged'
railties (5.0.7.1) lib/rails/rack/logger.rb:24:in `call'
sprockets-rails (3.2.1) lib/sprockets/rails/quiet_assets.rb:13:in `call'
actionpack (5.0.7.1) lib/action_dispatch/middleware/request_id.rb:24:in `call'
rack (2.0.8) lib/rack/method_override.rb:22:in `call'
rack (2.0.8) lib/rack/runtime.rb:22:in `call'
activesupport (5.0.7.1) lib/active_support/cache/strategy/local_cache_middleware.rb:28:in `call'
actionpack (5.0.7.1) lib/action_dispatch/middleware/executor.rb:12:in `call'
actionpack (5.0.7.1) lib/action_dispatch/middleware/static.rb:136:in `call'
rack (2.0.8) lib/rack/sendfile.rb:111:in `call'
railties (5.0.7.1) lib/rails/engine.rb:522:in `call'
rack (2.0.8) lib/rack/handler/webrick.rb:86:in `service'
/Users/Luis/.rvm/rubies/ruby-2.6.1/lib/ruby/2.6.0/webrick/httpserver.rb:140:in `service'
/Users/Luis/.rvm/rubies/ruby-2.6.1/lib/ruby/2.6.0/webrick/httpserver.rb:96:in `run'
/Users/Luis/.rvm/rubies/ruby-2.6.1/lib/ruby/2.6.0/webrick/server.rb:307:in `block in start_thread'
  Rendering /Users/Luis/.rvm/gems/ruby-2.6.1/gems/actionpack-5.0.7.1/lib/action_dispatch/middleware/templates/rescues/diagnostics.html.erb within rescues/layout
  Rendering /Users/Luis/.rvm/gems/ruby-2.6.1/gems/actionpack-5.0.7.1/lib/action_dispatch/middleware/templates/rescues/_source.html.erb
  Rendered /Users/Luis/.rvm/gems/ruby-2.6.1/gems/actionpack-5.0.7.1/lib/action_dispatch/middleware/templates/rescues/_source.html.erb (4.8ms)
  Rendering /Users/Luis/.rvm/gems/ruby-2.6.1/gems/actionpack-5.0.7.1/lib/action_dispatch/middleware/templates/rescues/_trace.html.erb
  Rendered /Users/Luis/.rvm/gems/ruby-2.6.1/gems/actionpack-5.0.7.1/lib/action_dispatch/middleware/templates/rescues/_trace.html.erb (1.7ms)
  Rendering /Users/Luis/.rvm/gems/ruby-2.6.1/gems/actionpack-5.0.7.1/lib/action_dispatch/middleware/templates/rescues/_request_and_response.html.erb
  Rendered /Users/Luis/.rvm/gems/ruby-2.6.1/gems/actionpack-5.0.7.1/lib/action_dispatch/middleware/templates/rescues/_request_and_response.html.erb (3.0ms)
  Rendered /Users/Luis/.rvm/gems/ruby-2.6.1/gems/actionpack-5.0.7.1/lib/action_dispatch/middleware/templates/rescues/diagnostics.html.erb within rescues/layout (56.4ms)
  [1m[35m (2.2ms)[0m  [1m[35mCREATE TABLE "ar_internal_metadata" ("key" varchar NOT NULL PRIMARY KEY, "value" varchar, "created_at" datetime NOT NULL, "updated_at" datetime NOT NULL)[0m
  [1m[36mActiveRecord::SchemaMigration Load (0.1ms)[0m  [1m[34mSELECT "schema_migrations".* FROM "schema_migrations"[0m
Migrating to CreateSchoolClasses (20200427005009)
  [1m[35m (0.1ms)[0m  [1m[36mbegin transaction[0m
  [1m[35m (0.4ms)[0m  [1m[35mCREATE TABLE "school_classes" ("id" INTEGER PRIMARY KEY AUTOINCREMENT NOT NULL, "title" varchar, "room_number" integer, "created_at" datetime NOT NULL, "updated_at" datetime NOT NULL)[0m
  [1m[35mSQL (0.2ms)[0m  [1m[32mINSERT INTO "schema_migrations" ("version") VALUES (?)[0m  [["version", "20200427005009"]]
  [1m[35m (0.9ms)[0m  [1m[36mcommit transaction[0m
  [1m[36mActiveRecord::InternalMetadata Load (0.1ms)[0m  [1m[34mSELECT  "ar_internal_metadata".* FROM "ar_internal_metadata" WHERE "ar_internal_metadata"."key" = ? LIMIT ?[0m  [["key", "environment"], ["LIMIT", 1]]
  [1m[35m (0.1ms)[0m  [1m[36mbegin transaction[0m
  [1m[35mSQL (0.4ms)[0m  [1m[32mINSERT INTO "ar_internal_metadata" ("key", "value", "created_at", "updated_at") VALUES (?, ?, ?, ?)[0m  [["key", "environment"], ["value", "development"], ["created_at", "2020-04-27 00:52:55.812866"], ["updated_at", "2020-04-27 00:52:55.812866"]]
  [1m[35m (0.8ms)[0m  [1m[36mcommit transaction[0m
  [1m[36mActiveRecord::SchemaMigration Load (0.3ms)[0m  [1m[34mSELECT "schema_migrations".* FROM "schema_migrations"[0m
Started GET "/" for ::1 at 2020-04-26 20:54:40 -0400
  [1m[36mActiveRecord::SchemaMigration Load (0.1ms)[0m  [1m[34mSELECT "schema_migrations".* FROM "schema_migrations"[0m
Processing by Rails::WelcomeController#index as HTML
  Parameters: {"internal"=>true}
  Rendering /Users/Luis/.rvm/gems/ruby-2.6.1/gems/railties-5.0.7.1/lib/rails/templates/rails/welcome/index.html.erb
  Rendered /Users/Luis/.rvm/gems/ruby-2.6.1/gems/railties-5.0.7.1/lib/rails/templates/rails/welcome/index.html.erb (5.4ms)
Completed 200 OK in 19ms (Views: 10.8ms | ActiveRecord: 0.0ms)


Started GET "/school_classes" for ::1 at 2020-04-26 20:54:51 -0400
  
ActionController::RoutingError (No route matches [GET] "/school_classes"):
  
actionpack (5.0.7.1) lib/action_dispatch/middleware/debug_exceptions.rb:53:in `call'
actionpack (5.0.7.1) lib/action_dispatch/middleware/show_exceptions.rb:31:in `call'
railties (5.0.7.1) lib/rails/rack/logger.rb:36:in `call_app'
railties (5.0.7.1) lib/rails/rack/logger.rb:24:in `block in call'
activesupport (5.0.7.1) lib/active_support/tagged_logging.rb:69:in `block in tagged'
activesupport (5.0.7.1) lib/active_support/tagged_logging.rb:26:in `tagged'
activesupport (5.0.7.1) lib/active_support/tagged_logging.rb:69:in `tagged'
railties (5.0.7.1) lib/rails/rack/logger.rb:24:in `call'
sprockets-rails (3.2.1) lib/sprockets/rails/quiet_assets.rb:13:in `call'
actionpack (5.0.7.1) lib/action_dispatch/middleware/request_id.rb:24:in `call'
rack (2.0.8) lib/rack/method_override.rb:22:in `call'
rack (2.0.8) lib/rack/runtime.rb:22:in `call'
activesupport (5.0.7.1) lib/active_support/cache/strategy/local_cache_middleware.rb:28:in `call'
actionpack (5.0.7.1) lib/action_dispatch/middleware/executor.rb:12:in `call'
actionpack (5.0.7.1) lib/action_dispatch/middleware/static.rb:136:in `call'
rack (2.0.8) lib/rack/sendfile.rb:111:in `call'
railties (5.0.7.1) lib/rails/engine.rb:522:in `call'
rack (2.0.8) lib/rack/handler/webrick.rb:86:in `service'
/Users/Luis/.rvm/rubies/ruby-2.6.1/lib/ruby/2.6.0/webrick/httpserver.rb:140:in `service'
/Users/Luis/.rvm/rubies/ruby-2.6.1/lib/ruby/2.6.0/webrick/httpserver.rb:96:in `run'
/Users/Luis/.rvm/rubies/ruby-2.6.1/lib/ruby/2.6.0/webrick/server.rb:307:in `block in start_thread'
  Rendering /Users/Luis/.rvm/gems/ruby-2.6.1/gems/actionpack-5.0.7.1/lib/action_dispatch/middleware/templates/rescues/routing_error.html.erb within rescues/layout
  Rendering /Users/Luis/.rvm/gems/ruby-2.6.1/gems/actionpack-5.0.7.1/lib/action_dispatch/middleware/templates/rescues/_trace.html.erb
  Rendered /Users/Luis/.rvm/gems/ruby-2.6.1/gems/actionpack-5.0.7.1/lib/action_dispatch/middleware/templates/rescues/_trace.html.erb (1.2ms)
  Rendered collection of /Users/Luis/.rvm/gems/ruby-2.6.1/gems/actionpack-5.0.7.1/lib/action_dispatch/middleware/templates/routes/_route.html.erb [12 times] (8.4ms)
  Rendered /Users/Luis/.rvm/gems/ruby-2.6.1/gems/actionpack-5.0.7.1/lib/action_dispatch/middleware/templates/routes/_table.html.erb (20.1ms)
  Rendering /Users/Luis/.rvm/gems/ruby-2.6.1/gems/actionpack-5.0.7.1/lib/action_dispatch/middleware/templates/rescues/_request_and_response.html.erb
  Rendered /Users/Luis/.rvm/gems/ruby-2.6.1/gems/actionpack-5.0.7.1/lib/action_dispatch/middleware/templates/rescues/_request_and_response.html.erb (2.1ms)
  Rendered /Users/Luis/.rvm/gems/ruby-2.6.1/gems/actionpack-5.0.7.1/lib/action_dispatch/middleware/templates/rescues/routing_error.html.erb within rescues/layout (104.7ms)
Started GET "/school_classes/new" for ::1 at 2020-04-26 20:55:11 -0400
Processing by SchoolClassesController#new as HTML
  Rendering school_classes/new.html.erb within layouts/application
  Rendered school_classes/new.html.erb within layouts/application (0.5ms)
Completed 200 OK in 704ms (Views: 700.7ms | ActiveRecord: 0.0ms)


Started GET "/school_classes/new" for ::1 at 2020-04-26 21:01:32 -0400
Processing by SchoolClassesController#new as HTML
  Rendering school_classes/new.html.erb within layouts/application
  Rendered school_classes/new.html.erb within layouts/application (5.4ms)
Completed 200 OK in 105ms (Views: 71.9ms | ActiveRecord: 1.9ms)


Started GET "/school_classes/new" for ::1 at 2020-04-26 21:01:47 -0400
Processing by SchoolClassesController#new as HTML
  Rendering school_classes/new.html.erb within layouts/application
  Rendered school_classes/new.html.erb within layouts/application (2.2ms)
Completed 200 OK in 86ms (Views: 81.9ms | ActiveRecord: 0.0ms)


Started GET "/school_classes/new" for ::1 at 2020-04-26 21:02:13 -0400
Processing by SchoolClassesController#new as HTML
  Rendering school_classes/new.html.erb within layouts/application
  Rendered school_classes/new.html.erb within layouts/application (11.6ms)
Completed 200 OK in 98ms (Views: 83.2ms | ActiveRecord: 0.0ms)


Started POST "/school_classes" for ::1 at 2020-04-26 21:02:25 -0400
Processing by SchoolClassesController#create as HTML
  Parameters: {"utf8"=>"✓", "authenticity_token"=>"fQBx07UGt0UBzw6MH3DXX5m03Iaqcew5JagHsMkFgGH+yFqd7ZVdxAlWJNbpBHCEcTpbFijsWTahqNxemioeEg==", "school_class"=>{"title"=>"howdy", "room_number"=>"123123"}, "commit"=>"Create School class"}
  [1m[35m (0.1ms)[0m  [1m[36mbegin transaction[0m
  [1m[35mSQL (0.6ms)[0m  [1m[32mINSERT INTO "school_classes" ("title", "room_number", "created_at", "updated_at") VALUES (?, ?, ?, ?)[0m  [["title", "howdy"], ["room_number", 123123], ["created_at", "2020-04-27 01:02:25.407633"], ["updated_at", "2020-04-27 01:02:25.407633"]]
  [1m[35m (0.9ms)[0m  [1m[36mcommit transaction[0m
Redirected to http://localhost:3000/school_classes/1
Completed 302 Found in 7ms (ActiveRecord: 1.6ms)


Started GET "/school_classes/1" for ::1 at 2020-04-26 21:02:25 -0400
Processing by SchoolClassesController#show as HTML
  Parameters: {"id"=>"1"}
  [1m[36mSchoolClass Load (1.6ms)[0m  [1m[34mSELECT  "school_classes".* FROM "school_classes" WHERE "school_classes"."id" = ? LIMIT ?[0m  [["id", 1], ["LIMIT", 1]]
  Rendering school_classes/show.html.erb within layouts/application
  Rendered school_classes/show.html.erb within layouts/application (0.6ms)
Completed 200 OK in 85ms (Views: 61.5ms | ActiveRecord: 1.6ms)


  [1m[36mSchoolClass Load (1.5ms)[0m  [1m[34mSELECT "school_classes".* FROM "school_classes"[0m
  [1m[36mActiveRecord::SchemaMigration Load (0.3ms)[0m  [1m[34mSELECT "schema_migrations".* FROM "schema_migrations"[0m
  [1m[36mStudent Load (0.2ms)[0m  [1m[34mSELECT "students".* FROM "students"[0m
  [1m[35m (0.0ms)[0m  [1m[36mbegin transaction[0m
  [1m[35mSQL (0.4ms)[0m  [1m[31mDELETE FROM "students" WHERE "students"."id" = ?[0m  [["id", 1]]
  [1m[35m (1.5ms)[0m  [1m[36mcommit transaction[0m
Started GET "/school_classes/1" for ::1 at 2020-04-26 21:06:50 -0400
Processing by SchoolClassesController#show as HTML
  Parameters: {"id"=>"1"}
  [1m[36mSchoolClass Load (0.2ms)[0m  [1m[34mSELECT  "school_classes".* FROM "school_classes" WHERE "school_classes"."id" = ? LIMIT ?[0m  [["id", 1], ["LIMIT", 1]]
  Rendering school_classes/show.html.erb within layouts/application
  Rendered school_classes/show.html.erb within layouts/application (0.3ms)
Completed 200 OK in 41ms (Views: 36.9ms | ActiveRecord: 0.2ms)


Started GET "/school_classes/1" for ::1 at 2020-04-26 21:07:56 -0400
Processing by SchoolClassesController#show as HTML
  Parameters: {"id"=>"1"}
  [1m[36mSchoolClass Load (0.2ms)[0m  [1m[34mSELECT  "school_classes".* FROM "school_classes" WHERE "school_classes"."id" = ? LIMIT ?[0m  [["id", 1], ["LIMIT", 1]]
  Rendering school_classes/show.html.erb within layouts/application
  Rendered school_classes/show.html.erb within layouts/application (0.6ms)
Completed 200 OK in 47ms (Views: 43.9ms | ActiveRecord: 0.2ms)


Started GET "/school_classes/1" for ::1 at 2020-04-26 21:08:19 -0400
Processing by SchoolClassesController#show as HTML
  Parameters: {"id"=>"1"}
  [1m[36mSchoolClass Load (0.2ms)[0m  [1m[34mSELECT  "school_classes".* FROM "school_classes" WHERE "school_classes"."id" = ? LIMIT ?[0m  [["id", 1], ["LIMIT", 1]]
  Rendering school_classes/show.html.erb within layouts/application
  Rendered school_classes/show.html.erb within layouts/application (0.7ms)
Completed 200 OK in 80ms (Views: 73.8ms | ActiveRecord: 0.2ms)


Started GET "/school_classes/3" for ::1 at 2020-04-26 21:08:28 -0400
Processing by SchoolClassesController#show as HTML
  Parameters: {"id"=>"3"}
  [1m[36mSchoolClass Load (0.2ms)[0m  [1m[34mSELECT  "school_classes".* FROM "school_classes" WHERE "school_classes"."id" = ? LIMIT ?[0m  [["id", 3], ["LIMIT", 1]]
Completed 404 Not Found in 3ms (ActiveRecord: 0.2ms)


  
ActiveRecord::RecordNotFound (Couldn't find SchoolClass with 'id'=3):
  
app/controllers/school_classes_controller.rb:13:in `show'
  Rendering /Users/Luis/.rvm/gems/ruby-2.6.1/gems/actionpack-5.0.7.1/lib/action_dispatch/middleware/templates/rescues/diagnostics.html.erb within rescues/layout
  Rendering /Users/Luis/.rvm/gems/ruby-2.6.1/gems/actionpack-5.0.7.1/lib/action_dispatch/middleware/templates/rescues/_source.html.erb
  Rendered /Users/Luis/.rvm/gems/ruby-2.6.1/gems/actionpack-5.0.7.1/lib/action_dispatch/middleware/templates/rescues/_source.html.erb (3.1ms)
  Rendering /Users/Luis/.rvm/gems/ruby-2.6.1/gems/actionpack-5.0.7.1/lib/action_dispatch/middleware/templates/rescues/_trace.html.erb
  Rendered /Users/Luis/.rvm/gems/ruby-2.6.1/gems/actionpack-5.0.7.1/lib/action_dispatch/middleware/templates/rescues/_trace.html.erb (8.2ms)
  Rendering /Users/Luis/.rvm/gems/ruby-2.6.1/gems/actionpack-5.0.7.1/lib/action_dispatch/middleware/templates/rescues/_request_and_response.html.erb
  Rendered /Users/Luis/.rvm/gems/ruby-2.6.1/gems/actionpack-5.0.7.1/lib/action_dispatch/middleware/templates/rescues/_request_and_response.html.erb (3.8ms)
  Rendered /Users/Luis/.rvm/gems/ruby-2.6.1/gems/actionpack-5.0.7.1/lib/action_dispatch/middleware/templates/rescues/diagnostics.html.erb within rescues/layout (59.0ms)
  [1m[36mActiveRecord::SchemaMigration Load (0.1ms)[0m  [1m[34mSELECT "schema_migrations".* FROM "schema_migrations"[0m
  [1m[36mStudent Load (0.2ms)[0m  [1m[34mSELECT "students".* FROM "students"[0m
  [1m[36mSchoolClass Load (0.2ms)[0m  [1m[34mSELECT "school_classes".* FROM "school_classes"[0m
  [1m[35m (0.1ms)[0m  [1m[36mbegin transaction[0m
  [1m[35mSQL (0.4ms)[0m  [1m[31mDELETE FROM "school_classes" WHERE "school_classes"."id" = ?[0m  [["id", 1]]
  [1m[35m (1.6ms)[0m  [1m[36mcommit transaction[0m
  [1m[35m (0.1ms)[0m  [1m[36mbegin transaction[0m
  [1m[35mSQL (0.4ms)[0m  [1m[32mINSERT INTO "students" ("first_name", "last_name", "created_at", "updated_at") VALUES (?, ?, ?, ?)[0m  [["first_name", "Demeter"], ["last_name", "Android 17"], ["created_at", "2020-04-27 01:09:04.767994"], ["updated_at", "2020-04-27 01:09:04.767994"]]
  [1m[35m (1.6ms)[0m  [1m[36mcommit transaction[0m
  [1m[36mActiveRecord::SchemaMigration Load (0.1ms)[0m  [1m[34mSELECT "schema_migrations".* FROM "schema_migrations"[0m
  [1m[36mStudent Load (0.2ms)[0m  [1m[34mSELECT "students".* FROM "students"[0m
  [1m[35m (0.1ms)[0m  [1m[36mbegin transaction[0m
  [1m[35mSQL (0.5ms)[0m  [1m[31mDELETE FROM "students" WHERE "students"."id" = ?[0m  [["id", 3]]
  [1m[35m (0.8ms)[0m  [1m[36mcommit transaction[0m
  [1m[36mSchoolClass Load (0.2ms)[0m  [1m[34mSELECT "school_classes".* FROM "school_classes"[0m
  [1m[35m (0.1ms)[0m  [1m[36mbegin transaction[0m
  [1m[35mSQL (0.4ms)[0m  [1m[32mINSERT INTO "students" ("first_name", "last_name", "created_at", "updated_at") VALUES (?, ?, ?, ?)[0m  [["first_name", "Zeus"], ["last_name", "Kid Trunks"], ["created_at", "2020-04-27 01:09:25.529618"], ["updated_at", "2020-04-27 01:09:25.529618"]]
  [1m[35m (1.5ms)[0m  [1m[36mcommit transaction[0m
  [1m[35m (0.0ms)[0m  [1m[36mbegin transaction[0m
  [1m[35mSQL (0.4ms)[0m  [1m[32mINSERT INTO "school_classes" ("title", "room_number", "created_at", "updated_at") VALUES (?, ?, ?, ?)[0m  [["title", "Hey Panda Bear! We don't take kindly to your types around here."], ["room_number", 3], ["created_at", "2020-04-27 01:09:25.536100"], ["updated_at", "2020-04-27 01:09:25.536100"]]
  [1m[35m (0.9ms)[0m  [1m[36mcommit transaction[0m
  [1m[35m (0.1ms)[0m  [1m[36mbegin transaction[0m
  [1m[35mSQL (0.3ms)[0m  [1m[32mINSERT INTO "students" ("first_name", "last_name", "created_at", "updated_at") VALUES (?, ?, ?, ?)[0m  [["first_name", "Hestia"], ["last_name", "Grandpa Gohan"], ["created_at", "2020-04-27 01:09:25.538652"], ["updated_at", "2020-04-27 01:09:25.538652"]]
  [1m[35m (0.8ms)[0m  [1m[36mcommit transaction[0m
  [1m[35m (0.0ms)[0m  [1m[36mbegin transaction[0m
  [1m[35mSQL (0.7ms)[0m  [1m[32mINSERT INTO "school_classes" ("title", "room_number", "created_at", "updated_at") VALUES (?, ?, ?, ?)[0m  [["title", "Maybe we should send you to a concentration camp"], ["room_number", 2], ["created_at", "2020-04-27 01:09:25.540933"], ["updated_at", "2020-04-27 01:09:25.540933"]]
  [1m[35m (0.8ms)[0m  [1m[36mcommit transaction[0m
  [1m[35m (0.0ms)[0m  [1m[36mbegin transaction[0m
  [1m[35mSQL (0.3ms)[0m  [1m[32mINSERT INTO "students" ("first_name", "last_name", "created_at", "updated_at") VALUES (?, ?, ?, ?)[0m  [["first_name", "Ares"], ["last_name", "San Shenlong"], ["created_at", "2020-04-27 01:09:25.543654"], ["updated_at", "2020-04-27 01:09:25.543654"]]
  [1m[35m (0.8ms)[0m  [1m[36mcommit transaction[0m
  [1m[35m (0.0ms)[0m  [1m[36mbegin transaction[0m
  [1m[35mSQL (0.3ms)[0m  [1m[32mINSERT INTO "school_classes" ("title", "room_number", "created_at", "updated_at") VALUES (?, ?, ?, ?)[0m  [["title", "Without evil there could be no good, so it must be good to be evil sometimes"], ["room_number", 10], ["created_at", "2020-04-27 01:09:25.545846"], ["updated_at", "2020-04-27 01:09:25.545846"]]
  [1m[35m (0.8ms)[0m  [1m[36mcommit transaction[0m
  [1m[35m (0.0ms)[0m  [1m[36mbegin transaction[0m
  [1m[35mSQL (0.3ms)[0m  [1m[32mINSERT INTO "students" ("first_name", "last_name", "created_at", "updated_at") VALUES (?, ?, ?, ?)[0m  [["first_name", "Artemis"], ["last_name", "Chi-Chi"], ["created_at", "2020-04-27 01:09:25.548051"], ["updated_at", "2020-04-27 01:09:25.548051"]]
  [1m[35m (0.7ms)[0m  [1m[36mcommit transaction[0m
  [1m[35m (0.0ms)[0m  [1m[36mbegin transaction[0m
  [1m[35mSQL (0.3ms)[0m  [1m[32mINSERT INTO "school_classes" ("title", "room_number", "created_at", "updated_at") VALUES (?, ?, ?, ?)[0m  [["title", "Kenny’s family is so poor that yesterday, they had to put their cardboard box up for a second mortgage"], ["room_number", 9], ["created_at", "2020-04-27 01:09:25.550187"], ["updated_at", "2020-04-27 01:09:25.550187"]]
  [1m[35m (0.8ms)[0m  [1m[36mcommit transaction[0m
  [1m[35m (0.0ms)[0m  [1m[36mbegin transaction[0m
  [1m[35mSQL (0.5ms)[0m  [1m[32mINSERT INTO "students" ("first_name", "last_name", "created_at", "updated_at") VALUES (?, ?, ?, ?)[0m  [["first_name", "Artemis"], ["last_name", "Freeza"], ["created_at", "2020-04-27 01:09:25.552435"], ["updated_at", "2020-04-27 01:09:25.552435"]]
  [1m[35m (0.8ms)[0m  [1m[36mcommit transaction[0m
  [1m[35m (0.0ms)[0m  [1m[36mbegin transaction[0m
  [1m[35mSQL (0.4ms)[0m  [1m[32mINSERT INTO "school_classes" ("title", "room_number", "created_at", "updated_at") VALUES (?, ?, ?, ?)[0m  [["title", "No we haven't actually seen it Tom, we're just reporting it"], ["room_number", 7], ["created_at", "2020-04-27 01:09:25.555161"], ["updated_at", "2020-04-27 01:09:25.555161"]]
  [1m[35m (0.8ms)[0m  [1m[36mcommit transaction[0m
  [1m[35m (0.1ms)[0m  [1m[36mbegin transaction[0m
  [1m[35mSQL (0.4ms)[0m  [1m[32mINSERT INTO "students" ("first_name", "last_name", "created_at", "updated_at") VALUES (?, ?, ?, ?)[0m  [["first_name", "Athena"], ["last_name", "Android 19"], ["created_at", "2020-04-27 01:09:25.557643"], ["updated_at", "2020-04-27 01:09:25.557643"]]
  [1m[35m (0.7ms)[0m  [1m[36mcommit transaction[0m
  [1m[35m (0.1ms)[0m  [1m[36mbegin transaction[0m
  [1m[35mSQL (0.3ms)[0m  [1m[32mINSERT INTO "school_classes" ("title", "room_number", "created_at", "updated_at") VALUES (?, ?, ?, ?)[0m  [["title", "Hey Panda Bear! We don't take kindly to your types around here."], ["room_number", 10], ["created_at", "2020-04-27 01:09:25.559901"], ["updated_at", "2020-04-27 01:09:25.559901"]]
  [1m[35m (0.8ms)[0m  [1m[36mcommit transaction[0m
  [1m[35m (0.0ms)[0m  [1m[36mbegin transaction[0m
  [1m[35mSQL (0.3ms)[0m  [1m[32mINSERT INTO "students" ("first_name", "last_name", "created_at", "updated_at") VALUES (?, ?, ?, ?)[0m  [["first_name", "Hestia"], ["last_name", "Guru"], ["created_at", "2020-04-27 01:09:25.562203"], ["updated_at", "2020-04-27 01:09:25.562203"]]
  [1m[35m (0.8ms)[0m  [1m[36mcommit transaction[0m
  [1m[35m (0.1ms)[0m  [1m[36mbegin transaction[0m
  [1m[35mSQL (0.4ms)[0m  [1m[32mINSERT INTO "school_classes" ("title", "room_number", "created_at", "updated_at") VALUES (?, ?, ?, ?)[0m  [["title", "Hippies. They're everywhere. They wanna save Earth, but all they do is smoke pot and smell bad"], ["room_number", 3], ["created_at", "2020-04-27 01:09:25.564621"], ["updated_at", "2020-04-27 01:09:25.564621"]]
  [1m[35m (0.8ms)[0m  [1m[36mcommit transaction[0m
  [1m[35m (0.0ms)[0m  [1m[36mbegin transaction[0m
  [1m[35mSQL (0.3ms)[0m  [1m[32mINSERT INTO "students" ("first_name", "last_name", "created_at", "updated_at") VALUES (?, ?, ?, ?)[0m  [["first_name", "Zeus"], ["last_name", "San Shenlong"], ["created_at", "2020-04-27 01:09:25.567233"], ["updated_at", "2020-04-27 01:09:25.567233"]]
  [1m[35m (0.7ms)[0m  [1m[36mcommit transaction[0m
  [1m[35m (0.1ms)[0m  [1m[36mbegin transaction[0m
  [1m[35mSQL (0.3ms)[0m  [1m[32mINSERT INTO "school_classes" ("title", "room_number", "created_at", "updated_at") VALUES (?, ?, ?, ?)[0m  [["title", "Life is short butters, & thats why you have to do whatever you want all the time"], ["room_number", 7], ["created_at", "2020-04-27 01:09:25.569384"], ["updated_at", "2020-04-27 01:09:25.569384"]]
  [1m[35m (0.8ms)[0m  [1m[36mcommit transaction[0m
  [1m[35m (0.0ms)[0m  [1m[36mbegin transaction[0m
  [1m[35mSQL (0.4ms)[0m  [1m[32mINSERT INTO "students" ("first_name", "last_name", "created_at", "updated_at") VALUES (?, ?, ?, ?)[0m  [["first_name", "Aphrodite"], ["last_name", "Dr. Gero"], ["created_at", "2020-04-27 01:09:25.571731"], ["updated_at", "2020-04-27 01:09:25.571731"]]
  [1m[35m (0.8ms)[0m  [1m[36mcommit transaction[0m
  [1m[35m (0.0ms)[0m  [1m[36mbegin transaction[0m
  [1m[35mSQL (0.5ms)[0m  [1m[32mINSERT INTO "school_classes" ("title", "room_number", "created_at", "updated_at") VALUES (?, ?, ?, ?)[0m  [["title", "I don't make the rules Kyle, I simply think them up and write them down"], ["room_number", 1], ["created_at", "2020-04-27 01:09:25.574009"], ["updated_at", "2020-04-27 01:09:25.574009"]]
  [1m[35m (0.8ms)[0m  [1m[36mcommit transaction[0m
  [1m[35m (0.0ms)[0m  [1m[36mbegin transaction[0m
  [1m[35mSQL (0.3ms)[0m  [1m[32mINSERT INTO "students" ("first_name", "last_name", "created_at", "updated_at") VALUES (?, ?, ?, ?)[0m  [["first_name", "Aphrodite"], ["last_name", "Kid Trunks"], ["created_at", "2020-04-27 01:09:25.576628"], ["updated_at", "2020-04-27 01:09:25.576628"]]
  [1m[35m (0.8ms)[0m  [1m[36mcommit transaction[0m
  [1m[35m (0.0ms)[0m  [1m[36mbegin transaction[0m
  [1m[35mSQL (0.3ms)[0m  [1m[32mINSERT INTO "school_classes" ("title", "room_number", "created_at", "updated_at") VALUES (?, ?, ?, ?)[0m  [["title", "Life is short butters, & thats why you have to do whatever you want all the time"], ["room_number", 9], ["created_at", "2020-04-27 01:09:25.578909"], ["updated_at", "2020-04-27 01:09:25.578909"]]
  [1m[35m (0.8ms)[0m  [1m[36mcommit transaction[0m
  [1m[35m (0.0ms)[0m  [1m[36mbegin transaction[0m
  [1m[35mSQL (0.4ms)[0m  [1m[32mINSERT INTO "students" ("first_name", "last_name", "created_at", "updated_at") VALUES (?, ?, ?, ?)[0m  [["first_name", "Dionysus"], ["last_name", "Vados"], ["created_at", "2020-04-27 01:09:25.581378"], ["updated_at", "2020-04-27 01:09:25.581378"]]
  [1m[35m (0.7ms)[0m  [1m[36mcommit transaction[0m
  [1m[35m (0.0ms)[0m  [1m[36mbegin transaction[0m
  [1m[35mSQL (0.3ms)[0m  [1m[32mINSERT INTO "school_classes" ("title", "room_number", "created_at", "updated_at") VALUES (?, ?, ?, ?)[0m  [["title", "They took our deers"], ["room_number", 3], ["created_at", "2020-04-27 01:09:25.583667"], ["updated_at", "2020-04-27 01:09:25.583667"]]
  [1m[35m (0.8ms)[0m  [1m[36mcommit transaction[0m
  [1m[35m (0.0ms)[0m  [1m[36mbegin transaction[0m
  [1m[35mSQL (0.5ms)[0m  [1m[32mINSERT INTO "students" ("first_name", "last_name", "created_at", "updated_at") VALUES (?, ?, ?, ?)[0m  [["first_name", "Hestia"], ["last_name", "Zamasu"], ["created_at", "2020-04-27 01:09:25.586050"], ["updated_at", "2020-04-27 01:09:25.586050"]]
  [1m[35m (0.8ms)[0m  [1m[36mcommit transaction[0m
  [1m[35m (0.0ms)[0m  [1m[36mbegin transaction[0m
  [1m[35mSQL (0.4ms)[0m  [1m[32mINSERT INTO "school_classes" ("title", "room_number", "created_at", "updated_at") VALUES (?, ?, ?, ?)[0m  [["title", "Kenny’s family is so poor that yesterday, they had to put their cardboard box up for a second mortgage"], ["room_number", 1], ["created_at", "2020-04-27 01:09:25.588655"], ["updated_at", "2020-04-27 01:09:25.588655"]]
  [1m[35m (0.8ms)[0m  [1m[36mcommit transaction[0m
  [1m[35m (0.0ms)[0m  [1m[36mbegin transaction[0m
  [1m[35mSQL (0.3ms)[0m  [1m[32mINSERT INTO "students" ("first_name", "last_name", "created_at", "updated_at") VALUES (?, ?, ?, ?)[0m  [["first_name", "Hera"], ["last_name", "Future Trunks"], ["created_at", "2020-04-27 01:09:25.591115"], ["updated_at", "2020-04-27 01:09:25.591115"]]
  [1m[35m (0.7ms)[0m  [1m[36mcommit transaction[0m
  [1m[35m (0.1ms)[0m  [1m[36mbegin transaction[0m
  [1m[35mSQL (0.3ms)[0m  [1m[32mINSERT INTO "school_classes" ("title", "room_number", "created_at", "updated_at") VALUES (?, ?, ?, ?)[0m  [["title", "I'm just getting a little cancer Stan"], ["room_number", 3], ["created_at", "2020-04-27 01:09:25.593366"], ["updated_at", "2020-04-27 01:09:25.593366"]]
  [1m[35m (0.8ms)[0m  [1m[36mcommit transaction[0m
  [1m[35m (0.0ms)[0m  [1m[36mbegin transaction[0m
  [1m[35mSQL (0.3ms)[0m  [1m[32mINSERT INTO "students" ("first_name", "last_name", "created_at", "updated_at") VALUES (?, ?, ?, ?)[0m  [["first_name", "Hermes"], ["last_name", "Android 17"], ["created_at", "2020-04-27 01:09:25.595544"], ["updated_at", "2020-04-27 01:09:25.595544"]]
  [1m[35m (0.7ms)[0m  [1m[36mcommit transaction[0m
  [1m[35m (0.0ms)[0m  [1m[36mbegin transaction[0m
  [1m[35mSQL (0.3ms)[0m  [1m[32mINSERT INTO "school_classes" ("title", "room_number", "created_at", "updated_at") VALUES (?, ?, ?, ?)[0m  [["title", "Respect my authoritaahh!!!"], ["room_number", 8], ["created_at", "2020-04-27 01:09:25.597667"], ["updated_at", "2020-04-27 01:09:25.597667"]]
  [1m[35m (0.9ms)[0m  [1m[36mcommit transaction[0m
  [1m[35m (0.0ms)[0m  [1m[36mbegin transaction[0m
  [1m[35mSQL (0.3ms)[0m  [1m[32mINSERT INTO "students" ("first_name", "last_name", "created_at", "updated_at") VALUES (?, ?, ?, ?)[0m  [["first_name", "Demeter"], ["last_name", "Yajirobe"], ["created_at", "2020-04-27 01:09:25.600058"], ["updated_at", "2020-04-27 01:09:25.600058"]]
  [1m[35m (0.7ms)[0m  [1m[36mcommit transaction[0m
  [1m[35m (0.0ms)[0m  [1m[36mbegin transaction[0m
  [1m[35mSQL (0.4ms)[0m  [1m[32mINSERT INTO "school_classes" ("title", "room_number", "created_at", "updated_at") VALUES (?, ?, ?, ?)[0m  [["title", "Respect my authoritaahh!!!"], ["room_number", 4], ["created_at", "2020-04-27 01:09:25.602214"], ["updated_at", "2020-04-27 01:09:25.602214"]]
  [1m[35m (0.9ms)[0m  [1m[36mcommit transaction[0m
  [1m[35m (0.1ms)[0m  [1m[36mbegin transaction[0m
  [1m[35mSQL (0.5ms)[0m  [1m[32mINSERT INTO "students" ("first_name", "last_name", "created_at", "updated_at") VALUES (?, ?, ?, ?)[0m  [["first_name", "Zeus"], ["last_name", "Super Saiyan Goku"], ["created_at", "2020-04-27 01:09:25.604935"], ["updated_at", "2020-04-27 01:09:25.604935"]]
  [1m[35m (0.8ms)[0m  [1m[36mcommit transaction[0m
  [1m[35m (0.1ms)[0m  [1m[36mbegin transaction[0m
  [1m[35mSQL (0.4ms)[0m  [1m[32mINSERT INTO "school_classes" ("title", "room_number", "created_at", "updated_at") VALUES (?, ?, ?, ?)[0m  [["title", "They took our deers"], ["room_number", 7], ["created_at", "2020-04-27 01:09:25.607853"], ["updated_at", "2020-04-27 01:09:25.607853"]]
  [1m[35m (0.9ms)[0m  [1m[36mcommit transaction[0m
  [1m[35m (0.0ms)[0m  [1m[36mbegin transaction[0m
  [1m[35mSQL (0.3ms)[0m  [1m[32mINSERT INTO "students" ("first_name", "last_name", "created_at", "updated_at") VALUES (?, ?, ?, ?)[0m  [["first_name", "Zeus"], ["last_name", "Videl"], ["created_at", "2020-04-27 01:09:25.610376"], ["updated_at", "2020-04-27 01:09:25.610376"]]
  [1m[35m (0.7ms)[0m  [1m[36mcommit transaction[0m
  [1m[35m (0.0ms)[0m  [1m[36mbegin transaction[0m
  [1m[35mSQL (0.4ms)[0m  [1m[32mINSERT INTO "school_classes" ("title", "room_number", "created_at", "updated_at") VALUES (?, ?, ?, ?)[0m  [["title", "I'm just getting a little cancer Stan"], ["room_number", 6], ["created_at", "2020-04-27 01:09:25.612538"], ["updated_at", "2020-04-27 01:09:25.612538"]]
  [1m[35m (0.8ms)[0m  [1m[36mcommit transaction[0m
  [1m[35m (0.0ms)[0m  [1m[36mbegin transaction[0m
  [1m[35mSQL (0.3ms)[0m  [1m[32mINSERT INTO "students" ("first_name", "last_name", "created_at", "updated_at") VALUES (?, ?, ?, ?)[0m  [["first_name", "Aphrodite"], ["last_name", "San Shenlong"], ["created_at", "2020-04-27 01:09:25.614863"], ["updated_at", "2020-04-27 01:09:25.614863"]]
  [1m[35m (0.7ms)[0m  [1m[36mcommit transaction[0m
  [1m[35m (0.0ms)[0m  [1m[36mbegin transaction[0m
  [1m[35mSQL (0.3ms)[0m  [1m[32mINSERT INTO "school_classes" ("title", "room_number", "created_at", "updated_at") VALUES (?, ?, ?, ?)[0m  [["title", "I'm just getting a little cancer Stan"], ["room_number", 7], ["created_at", "2020-04-27 01:09:25.616989"], ["updated_at", "2020-04-27 01:09:25.616989"]]
  [1m[35m (0.8ms)[0m  [1m[36mcommit transaction[0m
  [1m[35m (0.1ms)[0m  [1m[36mbegin transaction[0m
  [1m[35mSQL (0.4ms)[0m  [1m[32mINSERT INTO "students" ("first_name", "last_name", "created_at", "updated_at") VALUES (?, ?, ?, ?)[0m  [["first_name", "Apollo"], ["last_name", "Caulifla"], ["created_at", "2020-04-27 01:09:25.619204"], ["updated_at", "2020-04-27 01:09:25.619204"]]
  [1m[35m (1.0ms)[0m  [1m[36mcommit transaction[0m
  [1m[35m (0.1ms)[0m  [1m[36mbegin transaction[0m
  [1m[35mSQL (0.3ms)[0m  [1m[32mINSERT INTO "school_classes" ("title", "room_number", "created_at", "updated_at") VALUES (?, ?, ?, ?)[0m  [["title", "Respect my authoritaahh!!!"], ["room_number", 3], ["created_at", "2020-04-27 01:09:25.621748"], ["updated_at", "2020-04-27 01:09:25.621748"]]
  [1m[35m (0.8ms)[0m  [1m[36mcommit transaction[0m
  [1m[35m (0.0ms)[0m  [1m[36mbegin transaction[0m
  [1m[35mSQL (0.4ms)[0m  [1m[32mINSERT INTO "students" ("first_name", "last_name", "created_at", "updated_at") VALUES (?, ?, ?, ?)[0m  [["first_name", "Ares"], ["last_name", "Tien"], ["created_at", "2020-04-27 01:09:25.624083"], ["updated_at", "2020-04-27 01:09:25.624083"]]
  [1m[35m (0.7ms)[0m  [1m[36mcommit transaction[0m
  [1m[35m (0.0ms)[0m  [1m[36mbegin transaction[0m
  [1m[35mSQL (0.3ms)[0m  [1m[32mINSERT INTO "school_classes" ("title", "room_number", "created_at", "updated_at") VALUES (?, ?, ?, ?)[0m  [["title", "Life is short butters, & thats why you have to do whatever you want all the time"], ["room_number", 5], ["created_at", "2020-04-27 01:09:25.626351"], ["updated_at", "2020-04-27 01:09:25.626351"]]
  [1m[35m (0.8ms)[0m  [1m[36mcommit transaction[0m
Started GET "/school_classes/3" for ::1 at 2020-04-26 21:09:30 -0400
Processing by SchoolClassesController#show as HTML
  Parameters: {"id"=>"3"}
  [1m[36mSchoolClass Load (0.2ms)[0m  [1m[34mSELECT  "school_classes".* FROM "school_classes" WHERE "school_classes"."id" = ? LIMIT ?[0m  [["id", 3], ["LIMIT", 1]]
  Rendering school_classes/show.html.erb within layouts/application
  Rendered school_classes/show.html.erb within layouts/application (0.7ms)
Completed 200 OK in 43ms (Views: 38.3ms | ActiveRecord: 0.2ms)


Started GET "/school_classes/3/edit" for ::1 at 2020-04-26 21:13:45 -0400
Processing by SchoolClassesController#edit as HTML
  Parameters: {"id"=>"3"}
  [1m[36mSchoolClass Load (0.2ms)[0m  [1m[34mSELECT  "school_classes".* FROM "school_classes" WHERE "school_classes"."id" = ? LIMIT ?[0m  [["id", 3], ["LIMIT", 1]]
  Rendering school_classes/edit.html.erb within layouts/application
  Rendered school_classes/edit.html.erb within layouts/application (2.8ms)
Completed 500 Internal Server Error in 12ms (ActiveRecord: 0.2ms)


  
SyntaxError (/Users/Luis/Development/code/third_try/rails-form_for-lab-nyc-web-033020/app/views/school_classes/edit.html.erb:8: syntax error, unexpected end
...eze;@output_buffer.append=( end );@output_buffer.safe_append...
...                            ^~~
/Users/Luis/Development/code/third_try/rails-form_for-lab-nyc-web-033020/app/views/school_classes/edit.html.erb:10: syntax error, unexpected ensure, expecting ')'
          ensure
          ^~~~~~
/Users/Luis/Development/code/third_try/rails-form_for-lab-nyc-web-033020/app/views/school_classes/edit.html.erb:12: syntax error, unexpected end, expecting ')'
          end
          ^~~):
  
app/views/school_classes/edit.html.erb:8: syntax error, unexpected end
app/views/school_classes/edit.html.erb:10: syntax error, unexpected ensure, expecting ')'
app/views/school_classes/edit.html.erb:12: syntax error, unexpected end, expecting ')'
  Rendering /Users/Luis/.rvm/gems/ruby-2.6.1/gems/actionpack-5.0.7.1/lib/action_dispatch/middleware/templates/rescues/diagnostics.html.erb within rescues/layout
  Rendering /Users/Luis/.rvm/gems/ruby-2.6.1/gems/actionpack-5.0.7.1/lib/action_dispatch/middleware/templates/rescues/_source.html.erb
  Rendered /Users/Luis/.rvm/gems/ruby-2.6.1/gems/actionpack-5.0.7.1/lib/action_dispatch/middleware/templates/rescues/_source.html.erb (5.7ms)
  Rendering /Users/Luis/.rvm/gems/ruby-2.6.1/gems/actionpack-5.0.7.1/lib/action_dispatch/middleware/templates/rescues/_trace.html.erb
  Rendered /Users/Luis/.rvm/gems/ruby-2.6.1/gems/actionpack-5.0.7.1/lib/action_dispatch/middleware/templates/rescues/_trace.html.erb (2.6ms)
  Rendering /Users/Luis/.rvm/gems/ruby-2.6.1/gems/actionpack-5.0.7.1/lib/action_dispatch/middleware/templates/rescues/_request_and_response.html.erb
  Rendered /Users/Luis/.rvm/gems/ruby-2.6.1/gems/actionpack-5.0.7.1/lib/action_dispatch/middleware/templates/rescues/_request_and_response.html.erb (4.2ms)
  Rendered /Users/Luis/.rvm/gems/ruby-2.6.1/gems/actionpack-5.0.7.1/lib/action_dispatch/middleware/templates/rescues/diagnostics.html.erb within rescues/layout (38.0ms)
Started GET "/school_classes/3/edit" for ::1 at 2020-04-26 21:14:01 -0400
Processing by SchoolClassesController#edit as HTML
  Parameters: {"id"=>"3"}
  [1m[36mSchoolClass Load (0.6ms)[0m  [1m[34mSELECT  "school_classes".* FROM "school_classes" WHERE "school_classes"."id" = ? LIMIT ?[0m  [["id", 3], ["LIMIT", 1]]
  Rendering school_classes/edit.html.erb within layouts/application
  Rendered school_classes/edit.html.erb within layouts/application (1.8ms)
Completed 200 OK in 62ms (Views: 56.4ms | ActiveRecord: 0.6ms)


Started GET "/school_classes/3/edit" for ::1 at 2020-04-26 21:14:17 -0400
Processing by SchoolClassesController#edit as HTML
  Parameters: {"id"=>"3"}
  [1m[36mSchoolClass Load (0.3ms)[0m  [1m[34mSELECT  "school_classes".* FROM "school_classes" WHERE "school_classes"."id" = ? LIMIT ?[0m  [["id", 3], ["LIMIT", 1]]
  Rendering school_classes/edit.html.erb within layouts/application
  Rendered school_classes/edit.html.erb within layouts/application (5.9ms)
Completed 200 OK in 68ms (Views: 62.8ms | ActiveRecord: 0.3ms)


Started PATCH "/school_classes/3" for ::1 at 2020-04-26 21:14:20 -0400
Processing by SchoolClassesController#update as HTML
  Parameters: {"utf8"=>"✓", "authenticity_token"=>"mlUjCVJnS2fknPDvz/ihxVEZqs59nFTllFzRoEvlTsEZnQhHCvSh5uwF2rU5jAYeuZctXv8B4eoQXApOGMrQsg==", "school_class"=>{"title"=>"Maybe we should send you to a concentration camp", "room_number"=>"24"}, "commit"=>"Update School class", "id"=>"3"}
  [1m[36mSchoolClass Load (0.6ms)[0m  [1m[34mSELECT "school_classes".* FROM "school_classes"[0m
  [1m[35m (0.4ms)[0m  [1m[36mbegin transaction[0m
  [1m[35mSQL (2.1ms)[0m  [1m[33mUPDATE "school_classes" SET "title" = ?, "room_number" = ?, "updated_at" = ? WHERE "school_classes"."id" = ?[0m  [["title", "Maybe we should send you to a concentration camp"], ["room_number", 24], ["updated_at", "2020-04-27 01:14:20.875623"], ["id", 2]]
  [1m[35m (1.8ms)[0m  [1m[36mcommit transaction[0m
  [1m[35m (0.1ms)[0m  [1m[36mbegin transaction[0m
  [1m[35mSQL (2.0ms)[0m  [1m[33mUPDATE "school_classes" SET "room_number" = ?, "updated_at" = ? WHERE "school_classes"."id" = ?[0m  [["room_number", 24], ["updated_at", "2020-04-27 01:14:20.884836"], ["id", 3]]
  [1m[35m (4.0ms)[0m  [1m[36mcommit transaction[0m
  [1m[35m (0.5ms)[0m  [1m[36mbegin transaction[0m
  [1m[35mSQL (4.3ms)[0m  [1m[33mUPDATE "school_classes" SET "title" = ?, "room_number" = ?, "updated_at" = ? WHERE "school_classes"."id" = ?[0m  [["title", "Maybe we should send you to a concentration camp"], ["room_number", 24], ["updated_at", "2020-04-27 01:14:20.907117"], ["id", 4]]
  [1m[35m (10.4ms)[0m  [1m[36mcommit transaction[0m
  [1m[35m (0.1ms)[0m  [1m[36mbegin transaction[0m
  [1m[35mSQL (11.2ms)[0m  [1m[33mUPDATE "school_classes" SET "title" = ?, "room_number" = ?, "updated_at" = ? WHERE "school_classes"."id" = ?[0m  [["title", "Maybe we should send you to a concentration camp"], ["room_number", 24], ["updated_at", "2020-04-27 01:14:20.926617"], ["id", 5]]
  [1m[35m (2.7ms)[0m  [1m[36mcommit transaction[0m
  [1m[35m (0.1ms)[0m  [1m[36mbegin transaction[0m
  [1m[35mSQL (1.5ms)[0m  [1m[33mUPDATE "school_classes" SET "title" = ?, "room_number" = ?, "updated_at" = ? WHERE "school_classes"."id" = ?[0m  [["title", "Maybe we should send you to a concentration camp"], ["room_number", 24], ["updated_at", "2020-04-27 01:14:20.949474"], ["id", 6]]
  [1m[35m (6.1ms)[0m  [1m[36mcommit transaction[0m
  [1m[35m (0.5ms)[0m  [1m[36mbegin transaction[0m
  [1m[35mSQL (5.4ms)[0m  [1m[33mUPDATE "school_classes" SET "title" = ?, "room_number" = ?, "updated_at" = ? WHERE "school_classes"."id" = ?[0m  [["title", "Maybe we should send you to a concentration camp"], ["room_number", 24], ["updated_at", "2020-04-27 01:14:20.969959"], ["id", 7]]
  [1m[35m (2.7ms)[0m  [1m[36mcommit transaction[0m
  [1m[35m (0.2ms)[0m  [1m[36mbegin transaction[0m
  [1m[35mSQL (3.2ms)[0m  [1m[33mUPDATE "school_classes" SET "title" = ?, "room_number" = ?, "updated_at" = ? WHERE "school_classes"."id" = ?[0m  [["title", "Maybe we should send you to a concentration camp"], ["room_number", 24], ["updated_at", "2020-04-27 01:14:20.983618"], ["id", 8]]
  [1m[35m (16.5ms)[0m  [1m[36mcommit transaction[0m
  [1m[35m (1.0ms)[0m  [1m[36mbegin transaction[0m
  [1m[35mSQL (0.5ms)[0m  [1m[33mUPDATE "school_classes" SET "title" = ?, "room_number" = ?, "updated_at" = ? WHERE "school_classes"."id" = ?[0m  [["title", "Maybe we should send you to a concentration camp"], ["room_number", 24], ["updated_at", "2020-04-27 01:14:21.015559"], ["id", 9]]
  [1m[35m (4.8ms)[0m  [1m[36mcommit transaction[0m
  [1m[35m (0.1ms)[0m  [1m[36mbegin transaction[0m
  [1m[35mSQL (0.6ms)[0m  [1m[33mUPDATE "school_classes" SET "title" = ?, "room_number" = ?, "updated_at" = ? WHERE "school_classes"."id" = ?[0m  [["title", "Maybe we should send you to a concentration camp"], ["room_number", 24], ["updated_at", "2020-04-27 01:14:21.024311"], ["id", 10]]
  [1m[35m (7.1ms)[0m  [1m[36mcommit transaction[0m
  [1m[35m (0.9ms)[0m  [1m[36mbegin transaction[0m
  [1m[35mSQL (0.6ms)[0m  [1m[33mUPDATE "school_classes" SET "title" = ?, "room_number" = ?, "updated_at" = ? WHERE "school_classes"."id" = ?[0m  [["title", "Maybe we should send you to a concentration camp"], ["room_number", 24], ["updated_at", "2020-04-27 01:14:21.048155"], ["id", 11]]
  [1m[35m (5.4ms)[0m  [1m[36mcommit transaction[0m
  [1m[35m (0.1ms)[0m  [1m[36mbegin transaction[0m
  [1m[35mSQL (1.9ms)[0m  [1m[33mUPDATE "school_classes" SET "title" = ?, "room_number" = ?, "updated_at" = ? WHERE "school_classes"."id" = ?[0m  [["title", "Maybe we should send you to a concentration camp"], ["room_number", 24], ["updated_at", "2020-04-27 01:14:21.070185"], ["id", 12]]
  [1m[35m (4.0ms)[0m  [1m[36mcommit transaction[0m
  [1m[35m (0.1ms)[0m  [1m[36mbegin transaction[0m
  [1m[35mSQL (0.6ms)[0m  [1m[33mUPDATE "school_classes" SET "title" = ?, "room_number" = ?, "updated_at" = ? WHERE "school_classes"."id" = ?[0m  [["title", "Maybe we should send you to a concentration camp"], ["room_number", 24], ["updated_at", "2020-04-27 01:14:21.131156"], ["id", 13]]
  [1m[35m (1.8ms)[0m  [1m[36mcommit transaction[0m
  [1m[35m (0.1ms)[0m  [1m[36mbegin transaction[0m
  [1m[35mSQL (0.4ms)[0m  [1m[33mUPDATE "school_classes" SET "title" = ?, "room_number" = ?, "updated_at" = ? WHERE "school_classes"."id" = ?[0m  [["title", "Maybe we should send you to a concentration camp"], ["room_number", 24], ["updated_at", "2020-04-27 01:14:21.139883"], ["id", 14]]
  [1m[35m (0.9ms)[0m  [1m[36mcommit transaction[0m
  [1m[35m (0.1ms)[0m  [1m[36mbegin transaction[0m
  [1m[35mSQL (2.0ms)[0m  [1m[33mUPDATE "school_classes" SET "title" = ?, "room_number" = ?, "updated_at" = ? WHERE "school_classes"."id" = ?[0m  [["title", "Maybe we should send you to a concentration camp"], ["room_number", 24], ["updated_at", "2020-04-27 01:14:21.145480"], ["id", 15]]
  [1m[35m (0.9ms)[0m  [1m[36mcommit transaction[0m
  [1m[35m (0.1ms)[0m  [1m[36mbegin transaction[0m
  [1m[35mSQL (0.5ms)[0m  [1m[33mUPDATE "school_classes" SET "title" = ?, "room_number" = ?, "updated_at" = ? WHERE "school_classes"."id" = ?[0m  [["title", "Maybe we should send you to a concentration camp"], ["room_number", 24], ["updated_at", "2020-04-27 01:14:21.178995"], ["id", 16]]
  [1m[35m (0.8ms)[0m  [1m[36mcommit transaction[0m
  [1m[35m (0.1ms)[0m  [1m[36mbegin transaction[0m
  [1m[35mSQL (0.4ms)[0m  [1m[33mUPDATE "school_classes" SET "title" = ?, "room_number" = ?, "updated_at" = ? WHERE "school_classes"."id" = ?[0m  [["title", "Maybe we should send you to a concentration camp"], ["room_number", 24], ["updated_at", "2020-04-27 01:14:21.182940"], ["id", 17]]
  [1m[35m (10.9ms)[0m  [1m[36mcommit transaction[0m
  [1m[35m (13.3ms)[0m  [1m[36mbegin transaction[0m
  [1m[35mSQL (0.7ms)[0m  [1m[33mUPDATE "school_classes" SET "title" = ?, "room_number" = ?, "updated_at" = ? WHERE "school_classes"."id" = ?[0m  [["title", "Maybe we should send you to a concentration camp"], ["room_number", 24], ["updated_at", "2020-04-27 01:14:21.225638"], ["id", 18]]
  [1m[35m (3.4ms)[0m  [1m[36mcommit transaction[0m
  [1m[35m (0.1ms)[0m  [1m[36mbegin transaction[0m
  [1m[35mSQL (0.6ms)[0m  [1m[33mUPDATE "school_classes" SET "title" = ?, "room_number" = ?, "updated_at" = ? WHERE "school_classes"."id" = ?[0m  [["title", "Maybe we should send you to a concentration camp"], ["room_number", 24], ["updated_at", "2020-04-27 01:14:21.241504"], ["id", 19]]
  [1m[35m (5.9ms)[0m  [1m[36mcommit transaction[0m
  [1m[35m (0.5ms)[0m  [1m[36mbegin transaction[0m
  [1m[35mSQL (3.7ms)[0m  [1m[33mUPDATE "school_classes" SET "title" = ?, "room_number" = ?, "updated_at" = ? WHERE "school_classes"."id" = ?[0m  [["title", "Maybe we should send you to a concentration camp"], ["room_number", 24], ["updated_at", "2020-04-27 01:14:21.263734"], ["id", 20]]
  [1m[35m (1.1ms)[0m  [1m[36mcommit transaction[0m
  [1m[35m (0.1ms)[0m  [1m[36mbegin transaction[0m
  [1m[35mSQL (0.4ms)[0m  [1m[33mUPDATE "school_classes" SET "title" = ?, "room_number" = ?, "updated_at" = ? WHERE "school_classes"."id" = ?[0m  [["title", "Maybe we should send you to a concentration camp"], ["room_number", 24], ["updated_at", "2020-04-27 01:14:21.279194"], ["id", 21]]
  [1m[35m (0.9ms)[0m  [1m[36mcommit transaction[0m
Redirected to http://localhost:3000/school_classes/2%2F3%2F4%2F5%2F6%2F7%2F8%2F9%2F10%2F11%2F12%2F13%2F14%2F15%2F16%2F17%2F18%2F19%2F20%2F21
Completed 302 Found in 414ms (ActiveRecord: 153.9ms)


Started GET "/school_classes/2%2F3%2F4%2F5%2F6%2F7%2F8%2F9%2F10%2F11%2F12%2F13%2F14%2F15%2F16%2F17%2F18%2F19%2F20%2F21" for ::1 at 2020-04-26 21:14:21 -0400
Processing by SchoolClassesController#show as HTML
  Parameters: {"id"=>"2/3/4/5/6/7/8/9/10/11/12/13/14/15/16/17/18/19/20/21"}
  [1m[36mSchoolClass Load (0.1ms)[0m  [1m[34mSELECT  "school_classes".* FROM "school_classes" WHERE "school_classes"."id" = ? LIMIT ?[0m  [["id", 2], ["LIMIT", 1]]
  Rendering school_classes/show.html.erb within layouts/application
  Rendered school_classes/show.html.erb within layouts/application (0.5ms)
Completed 200 OK in 53ms (Views: 50.4ms | ActiveRecord: 0.1ms)


Started GET "/students/8" for ::1 at 2020-04-26 21:20:44 -0400
Processing by StudentsController#show as HTML
  Parameters: {"id"=>"8"}
  [1m[36mStudent Load (0.2ms)[0m  [1m[34mSELECT  "students".* FROM "students" WHERE "students"."id" = ? LIMIT ?[0m  [["id", 8], ["LIMIT", 1]]
  Rendering students/show.html.erb within layouts/application
  Rendered students/show.html.erb within layouts/application (0.4ms)
Completed 200 OK in 51ms (Views: 38.7ms | ActiveRecord: 0.7ms)


Started GET "/students/8" for ::1 at 2020-04-26 21:23:00 -0400
Processing by StudentsController#show as HTML
  Parameters: {"id"=>"8"}
  [1m[36mStudent Load (0.2ms)[0m  [1m[34mSELECT  "students".* FROM "students" WHERE "students"."id" = ? LIMIT ?[0m  [["id", 8], ["LIMIT", 1]]
  Rendering students/show.html.erb within layouts/application
  Rendered students/show.html.erb within layouts/application (0.5ms)
Completed 200 OK in 55ms (Views: 52.1ms | ActiveRecord: 0.2ms)


Started GET "/students/new" for ::1 at 2020-04-26 21:23:13 -0400
Processing by StudentsController#new as HTML
  Rendering students/new.html.erb within layouts/application
  Rendered students/new.html.erb within layouts/application (8.4ms)
Completed 200 OK in 77ms (Views: 74.6ms | ActiveRecord: 0.0ms)


Started GET "/students/new" for ::1 at 2020-04-26 21:23:24 -0400
Processing by StudentsController#new as HTML
  Rendering students/new.html.erb within layouts/application
  Rendered students/new.html.erb within layouts/application (2.6ms)
Completed 200 OK in 47ms (Views: 43.8ms | ActiveRecord: 0.0ms)


Started POST "/students" for ::1 at 2020-04-26 21:23:33 -0400
Processing by StudentsController#create as HTML
  Parameters: {"utf8"=>"✓", "authenticity_token"=>"0MpF72+gSdNXl8aJIgg4zy3XMEvnUOFDXMFM1iV1jENTAm6hNzOjUl8O7NPUfJ8UxVm322XNVEzYwZc4dloSMA==", "student"=>{"first_name"=>"Luis", "last_name"=>"Pestana"}, "commit"=>"Create Student"}
  [1m[35m (0.1ms)[0m  [1m[36mbegin transaction[0m
  [1m[35mSQL (1.5ms)[0m  [1m[32mINSERT INTO "students" ("first_name", "last_name", "created_at", "updated_at") VALUES (?, ?, ?, ?)[0m  [["first_name", "Luis"], ["last_name", "Pestana"], ["created_at", "2020-04-27 01:23:33.140312"], ["updated_at", "2020-04-27 01:23:33.140312"]]
  [1m[35m (1.2ms)[0m  [1m[36mcommit transaction[0m
Redirected to http://localhost:3000/students/24
Completed 302 Found in 11ms (ActiveRecord: 2.8ms)


Started GET "/students/24" for ::1 at 2020-04-26 21:23:33 -0400
Processing by StudentsController#show as HTML
  Parameters: {"id"=>"24"}
  [1m[36mStudent Load (3.2ms)[0m  [1m[34mSELECT  "students".* FROM "students" WHERE "students"."id" = ? LIMIT ?[0m  [["id", 24], ["LIMIT", 1]]
  Rendering students/show.html.erb within layouts/application
  Rendered students/show.html.erb within layouts/application (0.5ms)
Completed 200 OK in 83ms (Views: 68.6ms | ActiveRecord: 3.2ms)


Started GET "/students/7" for ::1 at 2020-04-26 21:25:31 -0400
Processing by StudentsController#show as HTML
  Parameters: {"id"=>"7"}
  [1m[36mStudent Load (0.1ms)[0m  [1m[34mSELECT  "students".* FROM "students" WHERE "students"."id" = ? LIMIT ?[0m  [["id", 7], ["LIMIT", 1]]
  Rendering students/show.html.erb within layouts/application
  Rendered students/show.html.erb within layouts/application (0.8ms)
Completed 200 OK in 58ms (Views: 54.8ms | ActiveRecord: 0.1ms)


Started GET "/students/17" for ::1 at 2020-04-26 21:25:37 -0400
Processing by StudentsController#show as HTML
  Parameters: {"id"=>"17"}
  [1m[36mStudent Load (0.1ms)[0m  [1m[34mSELECT  "students".* FROM "students" WHERE "students"."id" = ? LIMIT ?[0m  [["id", 17], ["LIMIT", 1]]
  Rendering students/show.html.erb within layouts/application
  Rendered students/show.html.erb within layouts/application (0.5ms)
Completed 200 OK in 82ms (Views: 77.7ms | ActiveRecord: 0.1ms)


